<?xml version="1.0" encoding="UTF-8"?>
<!-- Generated by org.testng.reporters.JUnitReportReporter -->
<testsuite hostname="LAPTOP-BLUR1PE2" failures="0" tests="1" name="Param.Test_Ankita.SubscriptionTest" time="18.494" errors="0" timestamp="06 Oct 2022 15:49:33 GMT" skipped="0">
  <testcase classname="Param.Test_Ankita.SubscriptionTest" name="verifyPageTitleTest" time="18.494"/>
</testsuite> <!-- Param.Test_Ankita.SubscriptionTest -->
